Performing C++ SOURCE FILE Test _fbracket_depth_4096 failed with the following output:
Change Dir: /home/alberto/Escritorio/PruebaI_P4_2020/build/CMakeFiles/CMakeTmp

Run Build Command(s):/usr/bin/make cmTC_8140c/fast && /usr/bin/make  -f CMakeFiles/cmTC_8140c.dir/build.make CMakeFiles/cmTC_8140c.dir/build
make[1]: Entering directory '/home/alberto/Escritorio/PruebaI_P4_2020/build/CMakeFiles/CMakeTmp'
Building CXX object CMakeFiles/cmTC_8140c.dir/src.cxx.o
/usr/bin/c++   -D_fbracket_depth_4096   -fbracket-depth=4096 -o CMakeFiles/cmTC_8140c.dir/src.cxx.o -c /home/alberto/Escritorio/PruebaI_P4_2020/build/CMakeFiles/CMakeTmp/src.cxx
c++: error: unrecognized command line option '-fbracket-depth=4096'
make[1]: *** [CMakeFiles/cmTC_8140c.dir/build.make:85: CMakeFiles/cmTC_8140c.dir/src.cxx.o] Error 1
make[1]: Leaving directory '/home/alberto/Escritorio/PruebaI_P4_2020/build/CMakeFiles/CMakeTmp'
make: *** [Makefile:140: cmTC_8140c/fast] Error 2


Source file was:
int main() { return 0; }
Performing C++ SOURCE FILE Test _mno_cet failed with the following output:
Change Dir: /home/alberto/Escritorio/PruebaI_P4_2020/build/CMakeFiles/CMakeTmp

Run Build Command(s):/usr/bin/make cmTC_f538f/fast && /usr/bin/make  -f CMakeFiles/cmTC_f538f.dir/build.make CMakeFiles/cmTC_f538f.dir/build
make[1]: Entering directory '/home/alberto/Escritorio/PruebaI_P4_2020/build/CMakeFiles/CMakeTmp'
Building CXX object CMakeFiles/cmTC_f538f.dir/src.cxx.o
/usr/bin/c++   -D_mno_cet   -mno-cet -o CMakeFiles/cmTC_f538f.dir/src.cxx.o -c /home/alberto/Escritorio/PruebaI_P4_2020/build/CMakeFiles/CMakeTmp/src.cxx
c++: error: unrecognized command line option '-mno-cet'; did you mean '-mno-aes'?
make[1]: *** [CMakeFiles/cmTC_f538f.dir/build.make:85: CMakeFiles/cmTC_f538f.dir/src.cxx.o] Error 1
make[1]: Leaving directory '/home/alberto/Escritorio/PruebaI_P4_2020/build/CMakeFiles/CMakeTmp'
make: *** [Makefile:140: cmTC_f538f/fast] Error 2


Source file was:
int main() { return 0; }
Performing C++ SOURCE FILE Test _Qunused_arguments failed with the following output:
Change Dir: /home/alberto/Escritorio/PruebaI_P4_2020/build/CMakeFiles/CMakeTmp

Run Build Command(s):/usr/bin/make cmTC_50d85/fast && /usr/bin/make  -f CMakeFiles/cmTC_50d85.dir/build.make CMakeFiles/cmTC_50d85.dir/build
make[1]: Entering directory '/home/alberto/Escritorio/PruebaI_P4_2020/build/CMakeFiles/CMakeTmp'
Building CXX object CMakeFiles/cmTC_50d85.dir/src.cxx.o
/usr/bin/c++   -D_Qunused_arguments   -Qunused-arguments -o CMakeFiles/cmTC_50d85.dir/src.cxx.o -c /home/alberto/Escritorio/PruebaI_P4_2020/build/CMakeFiles/CMakeTmp/src.cxx
c++: error: unrecognized command line option '-Qunused-arguments'
make[1]: *** [CMakeFiles/cmTC_50d85.dir/build.make:85: CMakeFiles/cmTC_50d85.dir/src.cxx.o] Error 1
make[1]: Leaving directory '/home/alberto/Escritorio/PruebaI_P4_2020/build/CMakeFiles/CMakeTmp'
make: *** [Makefile:140: cmTC_50d85/fast] Error 2


Source file was:
int main() { return 0; }
Performing C++ SOURCE FILE Test _mt failed with the following output:
Change Dir: /home/alberto/Escritorio/PruebaI_P4_2020/build/CMakeFiles/CMakeTmp

Run Build Command(s):/usr/bin/make cmTC_b7416/fast && /usr/bin/make  -f CMakeFiles/cmTC_b7416.dir/build.make CMakeFiles/cmTC_b7416.dir/build
make[1]: se entra en el directorio '/home/alberto/Escritorio/PruebaI_P4_2020/build/CMakeFiles/CMakeTmp'
Building CXX object CMakeFiles/cmTC_b7416.dir/src.cxx.o
/usr/bin/c++   -D_mt -o CMakeFiles/cmTC_b7416.dir/src.cxx.o -c /home/alberto/Escritorio/PruebaI_P4_2020/build/CMakeFiles/CMakeTmp/src.cxx
Linking CXX executable cmTC_b7416
/snap/cmake/549/bin/cmake -E cmake_link_script CMakeFiles/cmTC_b7416.dir/link.txt --verbose=1
/usr/bin/c++  -D_mt CMakeFiles/cmTC_b7416.dir/src.cxx.o -o cmTC_b7416  -mt 
c++: error: unrecognized command line option ‘-mt’; did you mean ‘-t’?
make[1]: *** [CMakeFiles/cmTC_b7416.dir/build.make:106: cmTC_b7416] Error 1
make[1]: se sale del directorio '/home/alberto/Escritorio/PruebaI_P4_2020/build/CMakeFiles/CMakeTmp'
make: *** [Makefile:140: cmTC_b7416/fast] Error 2


Source file was:
int main() {return 0;}

